0 info it worked if it ends with ok
1 verbose cli [ '/usr/local/bin/node',
1 verbose cli   '/usr/local/bin/npm',
1 verbose cli   'install',
1 verbose cli   '--save',
1 verbose cli   '@vimeo' ]
2 info using npm@3.3.12
3 info using node@v5.0.0
4 silly loadCurrentTree Starting
5 silly install loadCurrentTree
6 silly install readLocalPackageData
7 silly fetchPackageMetaData @vimeo
8 silly fetchOtherPackageData @vimeo
9 silly cache add args [ '@vimeo', null ]
10 verbose cache add spec @vimeo
11 silly cache add parsed spec Result {
11 silly cache add   raw: '@vimeo',
11 silly cache add   scope: null,
11 silly cache add   name: null,
11 silly cache add   rawSpec: '@vimeo',
11 silly cache add   spec: '/Users/jsaintprix/Sites/enlite_proto/@vimeo',
11 silly cache add   type: 'local' }
12 error addLocal Could not install /Users/jsaintprix/Sites/enlite_proto/@vimeo
13 silly fetchPackageMetaData Error: ENOENT: no such file or directory, open '/Users/jsaintprix/Sites/enlite_proto/@vimeo'
13 silly fetchPackageMetaData     at Error (native)
13 silly fetchPackageMetaData  error for @vimeo { [Error: ENOENT: no such file or directory, open '/Users/jsaintprix/Sites/enlite_proto/@vimeo']
13 silly fetchPackageMetaData   errno: -2,
13 silly fetchPackageMetaData   code: 'ENOENT',
13 silly fetchPackageMetaData   syscall: 'open',
13 silly fetchPackageMetaData   path: '/Users/jsaintprix/Sites/enlite_proto/@vimeo' }
14 silly rollbackFailedOptional Starting
15 silly rollbackFailedOptional Finishing
16 silly runTopLevelLifecycles Starting
17 silly runTopLevelLifecycles Finishing
18 silly install printInstalled
19 verbose stack Error: ENOENT: no such file or directory, open '/Users/jsaintprix/Sites/enlite_proto/@vimeo'
19 verbose stack     at Error (native)
20 verbose cwd /Users/jsaintprix/Sites/enlite_proto
21 error Darwin 14.5.0
22 error argv "/usr/local/bin/node" "/usr/local/bin/npm" "install" "--save" "@vimeo"
23 error node v5.0.0
24 error npm  v3.3.12
25 error path /Users/jsaintprix/Sites/enlite_proto/@vimeo
26 error code ENOENT
27 error errno -2
28 error syscall open
29 error enoent ENOENT: no such file or directory, open '/Users/jsaintprix/Sites/enlite_proto/@vimeo'
29 error enoent This is most likely not a problem with npm itself
29 error enoent and is related to npm not being able to find a file.
30 verbose exit [ -2, true ]
